<?xml version="1.0" encoding="UTF-8"?>
<testng-results skipped="0" failed="0" ignored="0" total="2" passed="2">
  <reporter-output>
  </reporter-output>
  <suite name="Default suite" duration-ms="67979" started-at="2020-06-30T13:20:27 IST" finished-at="2020-06-30T13:21:35 IST">
    <groups>
    </groups>
    <test name="Default test" duration-ms="67979" started-at="2020-06-30T13:20:27 IST" finished-at="2020-06-30T13:21:35 IST">
      <class name="com.training.sanity.tests.ReturnCart">
        <test-method status="PASS" signature="setUpBeforeClass()[pri:0, instance:com.training.sanity.tests.ReturnCart@67205a84]" name="setUpBeforeClass" is-config="true" duration-ms="53989" started-at="2020-06-30T13:20:27 IST" finished-at="2020-06-30T13:21:21 IST">
          <reporter-output>
          </reporter-output>
        </test-method> <!-- setUpBeforeClass -->
        <test-method status="PASS" signature="validLoginTest()[pri:1, instance:com.training.sanity.tests.ReturnCart@67205a84]" name="validLoginTest" duration-ms="3321" started-at="2020-06-30T13:21:21 IST" finished-at="2020-06-30T13:21:25 IST">
          <reporter-output>
          </reporter-output>
        </test-method> <!-- validLoginTest -->
        <test-method status="PASS" signature="ReturnOrderTest()[pri:2, instance:com.training.sanity.tests.ReturnCart@67205a84]" name="ReturnOrderTest" duration-ms="8652" started-at="2020-06-30T13:21:25 IST" finished-at="2020-06-30T13:21:33 IST">
          <reporter-output>
          </reporter-output>
        </test-method> <!-- ReturnOrderTest -->
        <test-method status="PASS" signature="tearDown()[pri:0, instance:com.training.sanity.tests.ReturnCart@67205a84]" name="tearDown" is-config="true" duration-ms="1927" started-at="2020-06-30T13:21:33 IST" finished-at="2020-06-30T13:21:35 IST">
          <reporter-output>
          </reporter-output>
        </test-method> <!-- tearDown -->
      </class> <!-- com.training.sanity.tests.ReturnCart -->
    </test> <!-- Default test -->
  </suite> <!-- Default suite -->
</testng-results>
