<?xml version="1.0" encoding="UTF-8"?>
<testng-results skipped="0" failed="0" ignored="0" total="2" passed="2">
  <reporter-output>
  </reporter-output>
  <suite name="Default suite" duration-ms="58762" started-at="2020-07-11T00:46:54 IST" finished-at="2020-07-11T00:47:53 IST">
    <groups>
    </groups>
    <test name="Default test" duration-ms="58762" started-at="2020-07-11T00:46:54 IST" finished-at="2020-07-11T00:47:53 IST">
      <class name="com.training.sanity.tests.AddProduct">
        <test-method status="PASS" signature="setUpBeforeClass()[pri:0, instance:com.training.sanity.tests.AddProduct@67205a84]" name="setUpBeforeClass" is-config="true" duration-ms="16939" started-at="2020-07-11T00:46:54 IST" finished-at="2020-07-11T00:47:11 IST">
          <reporter-output>
          </reporter-output>
        </test-method> <!-- setUpBeforeClass -->
        <test-method status="PASS" signature="validLoginTest()[pri:1, instance:com.training.sanity.tests.AddProduct@67205a84]" name="validLoginTest" duration-ms="4455" started-at="2020-07-11T00:47:11 IST" finished-at="2020-07-11T00:47:16 IST">
          <reporter-output>
          </reporter-output>
        </test-method> <!-- validLoginTest -->
        <test-method status="PASS" signature="addProductTest()[pri:2, instance:com.training.sanity.tests.AddProduct@67205a84]" name="addProductTest" duration-ms="36299" started-at="2020-07-11T00:47:16 IST" finished-at="2020-07-11T00:47:52 IST">
          <reporter-output>
          </reporter-output>
        </test-method> <!-- addProductTest -->
        <test-method status="PASS" signature="tearDown()[pri:0, instance:com.training.sanity.tests.AddProduct@67205a84]" name="tearDown" is-config="true" duration-ms="1001" started-at="2020-07-11T00:47:52 IST" finished-at="2020-07-11T00:47:53 IST">
          <reporter-output>
          </reporter-output>
        </test-method> <!-- tearDown -->
      </class> <!-- com.training.sanity.tests.AddProduct -->
    </test> <!-- Default test -->
  </suite> <!-- Default suite -->
</testng-results>
